<?xml version="1.0" encoding="UTF-8"?>
<!-- Generated by org.testng.reporters.JUnitReportReporter -->
<testsuite skipped="0" hostname="hp-PC" name="qaclickAcademy.SeleniumTest" tests="2" failures="0" timestamp="17 Sep 2021 06:52:19 GMT" time="0.002" errors="0">
  <testcase name="elementsui" time="0.001" classname="qaclickAcademy.SeleniumTest"/>
  <testcase name="browserautomation" time="0.001" classname="qaclickAcademy.SeleniumTest"/>
</testsuite> <!-- qaclickAcademy.SeleniumTest -->
