<?xml version="1.0" encoding="UTF-8"?>
<!-- Generated by org.testng.reporters.JUnitReportReporter -->
<testsuite skipped="0" hostname="hp-PC" name="qaclickAcademy.AppiumTest" tests="2" failures="0" timestamp="17 Sep 2021 06:52:19 GMT" time="0.054" errors="0">
  <testcase name="NativeAppAndroid" time="0.000" classname="qaclickAcademy.AppiumTest"/>
  <testcase name="IOSApps" time="0.054" classname="qaclickAcademy.AppiumTest"/>
</testsuite> <!-- qaclickAcademy.AppiumTest -->
