<?xml version="1.0" encoding="UTF-8"?>
<!-- Generated by org.testng.reporters.JUnitReportReporter -->
<testsuite skipped="0" hostname="hp-PC" name="qaclickAcademy.RestAPITest" tests="2" failures="0" timestamp="17 Sep 2021 06:52:19 GMT" time="0.001" errors="0">
  <testcase name="deletetwitter" time="0.001" classname="qaclickAcademy.RestAPITest"/>
  <testcase name="postJira" time="0.000" classname="qaclickAcademy.RestAPITest"/>
</testsuite> <!-- qaclickAcademy.RestAPITest -->
